Arguments: 
  /Users/milos/.nvm/versions/node/v17.1.0/bin/node /usr/local/bin/yarn

PATH: 
  /usr/local/opt/openssl@1.1/bin:/Users/milos/go/bin:/Users/milos/.nvm/versions/node/v17.1.0/bin:/usr/local/bin:/usr/bin:/bin:/usr/sbin:/sbin:/Library/Apple/usr/bin:/usr/local/opt/openssl@1.1/bin:/Users/milos/go/bin:/Users/milos/.nvm/versions/node/v17.1.0/bin:/Users/milos/.cargo/bin:/Users/milos/.local/bin:/usr/local/opt/fzf/bin:/Users/milos/.local/bin:/Users/milos/.local/bin

Yarn version: 
  1.22.10

Node version: 
  17.1.0

Platform: 
  darwin x64

Trace: 
  Error: https://registry.yarnpkg.com/@enso%2fcontracts: Not found
      at Request.params.callback [as _callback] (/usr/local/lib/node_modules/yarn/lib/cli.js:66988:18)
      at Request.self.callback (/usr/local/lib/node_modules/yarn/lib/cli.js:140662:22)
      at Request.emit (node:events:390:28)
      at Request.<anonymous> (/usr/local/lib/node_modules/yarn/lib/cli.js:141634:10)
      at Request.emit (node:events:390:28)
      at IncomingMessage.<anonymous> (/usr/local/lib/node_modules/yarn/lib/cli.js:141556:12)
      at Object.onceWrapper (node:events:509:28)
      at IncomingMessage.emit (node:events:402:35)
      at endReadableNT (node:internal/streams/readable:1340:12)
      at processTicksAndRejections (node:internal/process/task_queues:83:21)

npm manifest: 
  {
    "name": "@enso/subgraph",
    "description": "Subgraph",
    "private": true,
    "engines": {
      "node": ">=10",
      "yarn": "^1.17.3"
    },
    "version": "0.1.0",
    "scripts": {
      "prepare:kovan": "./scripts/build-manifest.sh kovan",
      "prepare:remote": "./scripts/build-manifest.sh remote",
      "prepare:mainnet": "./scripts/build-manifest.sh mainnet",
      "codegen": "graph codegen",
      "build": "yarn prepare:remote && graph codegen && graph build",
      "build:kovan": "yarn prepare:kovan && graph codegen && graph build",
      "build:mainnet": "prepare:remote && graph codegen && graph build",
      "deploy:local": "graph deploy --node http://172.17.0.1:8020/ --ipfs http://172.17.0.1:5001 milonite/kenzo",
      "deploy:remote": "graph deploy --node http://3.136.83.61:8020 --ipfs http://3.136.83.61:5001 milonite/kenzo",
      "deploy:kovan": "graph deploy --node https://api.thegraph.com/deploy/ --ipfs https://api.thegraph.com/ipfs/ milonite/kenzo"
    },
    "dependencies": {
      "@enso/contracts": "^0.1.0"
    },
    "devDependencies": {
      "@graphprotocol/graph-ts": "0.20.1",
      "@graphprotocol/graph-cli": "0.20.1",
      "mustache": "^4.1.0",
      "rimraf": "^3.0.2",
      "ts-loader": "^8.0.7",
      "ts-node": "^9.0.0",
      "typescript": "^4.0.5"
    }
  }

yarn manifest: 
  No manifest

Lockfile: 
  No lockfile
